Arguments: 
  C:\Program Files\nodejs\node.exe C:\Users\Peggy\AppData\Roaming\npm\node_modules\yarn\bin\yarn.js add cssshake

PATH: 
  C:\Program Files\heroku\bin;C:\Users\Peggy\AppData\Roaming\npm;C:\Windows;C:\Windows\System32\Wbem;C:\Windows\System32\WindowsPowerShell\v1.0\;C:\Windows\System32\OpenSSH\;C:\Program Files\Intel\WiFi\bin\;C:\Program Files\Common Files\Intel\WirelessCommon\;C:\Program Files\nodejs\;C:\Program Files\Git\cmd;C:\Program Files\Git\mingw64\bin\;c:\windows\system32;C:\Program Files\Docker\Docker\resources\bin;C:\ProgramData\DockerDesktop\version-bin;C:\Windows\System32;D:\Microsoft VS Code\bin

Yarn version: 
  1.22.10

Node version: 
  12.18.2

Platform: 
  win32 x64

Trace: 
  Error: https://registry.yarnpkg.com/cssshake: Not found
      at Request.params.callback [as _callback] (C:\Users\Peggy\AppData\Roaming\npm\node_modules\yarn\lib\cli.js:66988:18)
      at Request.self.callback (C:\Users\Peggy\AppData\Roaming\npm\node_modules\yarn\lib\cli.js:140662:22)
      at Request.emit (events.js:315:20)
      at Request.<anonymous> (C:\Users\Peggy\AppData\Roaming\npm\node_modules\yarn\lib\cli.js:141634:10)
      at Request.emit (events.js:315:20)
      at IncomingMessage.<anonymous> (C:\Users\Peggy\AppData\Roaming\npm\node_modules\yarn\lib\cli.js:141556:12)
      at Object.onceWrapper (events.js:421:28)
      at IncomingMessage.emit (events.js:327:22)
      at endReadableNT (_stream_readable.js:1221:12)
      at processTicksAndRejections (internal/process/task_queues.js:84:21)

npm manifest: 
  No manifest

yarn manifest: 
  No manifest

Lockfile: 
  No lockfile
